<?xml version="1.0" encoding="UTF-8"?>
<!-- Generated by org.testng.reporters.JUnitXMLReporter -->
<testsuite ignored="0" hostname="Annas-MacBook-Pro.local" failures="1" tests="1" name="Command line test" time="48.258" errors="0" timestamp="24 Jul 2023 17:46:56 GMT">
  <testcase classname="tests.BuyExchangeTest" name="exchangePaysafecard" time="40.172">
    <failure type="java.lang.AssertionError">
      <![CDATA[java.lang.AssertionError: 
at pages.btcbitStartPage.selectPaymentMethod(btcbitStartPage.java:51)
at tests.BuyExchangeTest.exchangePaysafecard(BuyExchangeTest.java:14)
... Removed 34 stack frames]]>
    </failure>
  </testcase> <!-- exchangePaysafecard -->
</testsuite> <!-- Command line test -->
