<?xml version="1.0" encoding="UTF-8"?>
<!-- Generated by org.testng.reporters.JUnitXMLReporter -->
<testsuite ignored="3" hostname="Annas-MacBook-Pro.local" failures="1" tests="6" name="Test" time="127.951" errors="0" timestamp="27 Jul 2023 14:56:27 GMT">
  <testcase classname="tests.StartPageNegativeTest" name="testExchangeSellMaxAmount" time="63.094"/>
  <testcase classname="tests.BuyExchangeTest" name="testExchangeAdvCashEURToBTC" time="63.095"/>
  <testcase classname="tests.StartPageNegativeTest" name="testMaxSpendAmountError" time="34.034"/>
  <testcase classname="tests.BuyExchangeTest" name="testExchangeSellSepa" time="33.303"/>
  <testcase classname="tests.BuyExchangeTest" name="testFailExample" time="0.124">
    <failure type="java.lang.AssertionError">
      <![CDATA[java.lang.AssertionError: 
at pages.BtcbitStartPage.enterSpendAmount(BtcbitStartPage.java:69)
at tests.BuyExchangeTest.testFailExample(BuyExchangeTest.java:44)
at java.base/java.util.concurrent.ThreadPoolExecutor.runWorker(ThreadPoolExecutor.java:1144)
at java.base/java.util.concurrent.ThreadPoolExecutor$Worker.run(ThreadPoolExecutor.java:642)
at java.base/java.lang.Thread.run(Thread.java:1623)
... Removed 11 stack frames]]>
    </failure>
  </testcase> <!-- testFailExample -->
  <testcase classname="tests.BuyExchangeTest" name="testSelectPaysafeCard" time="18.643"/>
  <testcase classname="tests.BaseTest" name="@AfterSuite wrapAllUp" time="0.0">
    <ignored/>
  </testcase> <!-- @AfterSuite wrapAllUp -->
  <testcase classname="tests.BaseTest" name="@BeforeSuite globalSetup" time="0.0">
    <ignored/>
  </testcase> <!-- @BeforeSuite globalSetup -->
  <testcase classname="tests.BuyExchangeTest" name="testToSkipExample" time="0.0">
    <ignored/>
  </testcase> <!-- testToSkipExample -->
</testsuite> <!-- Test -->
