<html>
<head>
<title>TestNG:  Test</title>
<link href="../testng.css" rel="stylesheet" type="text/css" />
<link href="../my-testng.css" rel="stylesheet" type="text/css" />

<style type="text/css">
.log { display: none;} 
.stack-trace { display: none;} 
</style>
<script type="text/javascript">
<!--
function flip(e) {
  current = e.style.display;
  if (current == 'block') {
    e.style.display = 'none';
    return 0;
  }
  else {
    e.style.display = 'block';
    return 1;
  }
}

function toggleBox(szDivId, elem, msg1, msg2)
{
  var res = -1;  if (document.getElementById) {
    res = flip(document.getElementById(szDivId));
  }
  else if (document.all) {
    // this is the way old msie versions work
    res = flip(document.all[szDivId]);
  }
  if(elem) {
    if(res == 0) elem.innerHTML = msg1; else elem.innerHTML = msg2;
  }

}

function toggleAllBoxes() {
  if (document.getElementsByTagName) {
    d = document.getElementsByTagName('div');
    for (i = 0; i < d.length; i++) {
      if (d[i].className == 'log') {
        flip(d[i]);
      }
    }
  }
}

// -->
</script>

</head>
<body>
<h2 align='center'>Test</h2><table border='1' align="center">
<tr>
<td>Tests passed/Failed/Skipped:</td><td>5/1/0</td>
</tr><tr>
<td>Started on:</td><td>Thu Jul 27 17:54:19 EEST 2023</td>
</tr>
<tr><td>Total time:</td><td>127 seconds (127951 ms)</td>
</tr><tr>
<td>Included groups:</td><td></td>
</tr><tr>
<td>Excluded groups:</td><td></td>
</tr>
</table><p/>
<small><i>(Hover the method name to see the test class name)</i></small><p/>
<table width='100%' border='1' class='invocation-failed'>
<tr><td colspan='4' align='center'><b>FAILED TESTS</b></td></tr>
<tr><td><b>Test method</b></td>
<td width="30%"><b>Exception</b></td>
<td width="10%"><b>Time (seconds)</b></td>
<td><b>Instance</b></td>
</tr>
<tr>
<td title='tests.BuyExchangeTest.testFailExample()'><b>testFailExample</b><br>Test class: tests.BuyExchangeTest</td>
<td><div><pre>java.lang.AssertionError: 
	at pages.BtcbitStartPage.enterSpendAmount(BtcbitStartPage.java:69)
	at tests.BuyExchangeTest.testFailExample(BuyExchangeTest.java:44)
	at java.base/java.util.concurrent.ThreadPoolExecutor.runWorker(ThreadPoolExecutor.java:1144)
	at java.base/java.util.concurrent.ThreadPoolExecutor$Worker.run(ThreadPoolExecutor.java:642)
	at java.base/java.lang.Thread.run(Thread.java:1623)
... Removed 11 stack frames</pre></div><a href='#' onClick='toggleBox("stack-trace1678008018", this, "Click to show all stack frames", "Click to hide stack frames")'>Click to show all stack frames</a>
<div class='stack-trace' id='stack-trace1678008018'><pre>java.lang.AssertionError: 
	at org.testng.AssertJUnit.fail(AssertJUnit.java:59)
	at org.testng.AssertJUnit.assertTrue(AssertJUnit.java:24)
	at org.testng.AssertJUnit.assertTrue(AssertJUnit.java:33)
	at pages.BtcbitStartPage.enterSpendAmount(BtcbitStartPage.java:69)
	at tests.BuyExchangeTest.testFailExample(BuyExchangeTest.java:44)
	at java.base/jdk.internal.reflect.DirectMethodHandleAccessor.invoke(DirectMethodHandleAccessor.java:104)
	at java.base/java.lang.reflect.Method.invoke(Method.java:578)
	at org.testng.internal.MethodInvocationHelper.invokeMethod(MethodInvocationHelper.java:124)
	at org.testng.internal.Invoker.invokeMethod(Invoker.java:583)
	at org.testng.internal.Invoker.invokeTestMethod(Invoker.java:719)
	at org.testng.internal.Invoker.invokeTestMethods(Invoker.java:989)
	at org.testng.internal.TestMethodWorker.invokeTestMethods(TestMethodWorker.java:125)
	at org.testng.internal.TestMethodWorker.run(TestMethodWorker.java:109)
	at java.base/java.util.concurrent.ThreadPoolExecutor.runWorker(ThreadPoolExecutor.java:1144)
	at java.base/java.util.concurrent.ThreadPoolExecutor$Worker.run(ThreadPoolExecutor.java:642)
	at java.base/java.lang.Thread.run(Thread.java:1623)
</pre></div></td>
<td>0</td>
<td>tests.BuyExchangeTest@7bb58ca3</td></tr>
</table><p>
<table width='100%' border='1' class='invocation-passed'>
<tr><td colspan='4' align='center'><b>PASSED TESTS</b></td></tr>
<tr><td><b>Test method</b></td>
<td width="30%"><b>Exception</b></td>
<td width="10%"><b>Time (seconds)</b></td>
<td><b>Instance</b></td>
</tr>
<tr>
<td title='tests.BuyExchangeTest.testExchangeAdvCashEURToBTC()'><b>testExchangeAdvCashEURToBTC</b><br>Test class: tests.BuyExchangeTest</td>
<td></td>
<td>63</td>
<td>tests.BuyExchangeTest@7bb58ca3</td></tr>
<tr>
<td title='tests.StartPageNegativeTest.testExchangeSellMaxAmount()'><b>testExchangeSellMaxAmount</b><br>Test class: tests.StartPageNegativeTest</td>
<td></td>
<td>63</td>
<td>tests.StartPageNegativeTest@c540f5a</td></tr>
<tr>
<td title='tests.BuyExchangeTest.testExchangeSellSepa()'><b>testExchangeSellSepa</b><br>Test class: tests.BuyExchangeTest</td>
<td></td>
<td>33</td>
<td>tests.BuyExchangeTest@7bb58ca3</td></tr>
<tr>
<td title='tests.StartPageNegativeTest.testMaxSpendAmountError()'><b>testMaxSpendAmountError</b><br>Test class: tests.StartPageNegativeTest</td>
<td></td>
<td>34</td>
<td>tests.StartPageNegativeTest@c540f5a</td></tr>
<tr>
<td title='tests.BuyExchangeTest.testSelectPaysafeCard()'><b>testSelectPaysafeCard</b><br>Test class: tests.BuyExchangeTest</td>
<td></td>
<td>18</td>
<td>tests.BuyExchangeTest@7bb58ca3</td></tr>
</table><p>
</body>
</html>