<?xml version="1.0" encoding="UTF-8"?>
<!-- Generated by org.testng.reporters.JUnitReportReporter -->
<testsuite hostname="Annas-MacBook-Pro.local" failures="1" tests="5" name="tests.BuyExchangeTest" time="115.165" errors="0" timestamp="27 Jul 2023 14:56:27 GMT" skipped="1">
  <testcase classname="tests.BuyExchangeTest" name="testSelectPaysafeCard" time="18.643"/>
  <testcase classname="tests.BuyExchangeTest" name="testFailExample" time="0.124">
    <failure message="" type="java.lang.AssertionError">
      <![CDATA[java.lang.AssertionError: 
at org.testng.AssertJUnit.fail(AssertJUnit.java:59)
at org.testng.AssertJUnit.assertTrue(AssertJUnit.java:24)
at org.testng.AssertJUnit.assertTrue(AssertJUnit.java:33)
at pages.BtcbitStartPage.enterSpendAmount(BtcbitStartPage.java:69)
at tests.BuyExchangeTest.testFailExample(BuyExchangeTest.java:44)
at java.base/jdk.internal.reflect.DirectMethodHandleAccessor.invoke(DirectMethodHandleAccessor.java:104)
at java.base/java.lang.reflect.Method.invoke(Method.java:578)
at org.testng.internal.MethodInvocationHelper.invokeMethod(MethodInvocationHelper.java:124)
at org.testng.internal.Invoker.invokeMethod(Invoker.java:583)
at org.testng.internal.Invoker.invokeTestMethod(Invoker.java:719)
at org.testng.internal.Invoker.invokeTestMethods(Invoker.java:989)
at org.testng.internal.TestMethodWorker.invokeTestMethods(TestMethodWorker.java:125)
at org.testng.internal.TestMethodWorker.run(TestMethodWorker.java:109)
at java.base/java.util.concurrent.ThreadPoolExecutor.runWorker(ThreadPoolExecutor.java:1144)
at java.base/java.util.concurrent.ThreadPoolExecutor$Worker.run(ThreadPoolExecutor.java:642)
at java.base/java.lang.Thread.run(Thread.java:1623)
]]>
    </failure>
  </testcase> <!-- testFailExample -->
  <testcase classname="tests.BuyExchangeTest" name="testExchangeSellSepa" time="33.303"/>
  <testcase classname="tests.BuyExchangeTest" name="testExchangeAdvCashEURToBTC" time="63.095"/>
  <testcase classname="tests.BuyExchangeTest" name="testToSkipExample">
    <skipped/>
  </testcase> <!-- testToSkipExample -->
</testsuite> <!-- tests.BuyExchangeTest -->
